生成启动时间为 2017/10/24 13:42:45。
     1>项目“E:\0workbench\10-20_10-30 cpp转子动力学\rotorDynamics\rotorDynamics\rotorDynamics.vcxproj”在节点 2 上(Build 个目标)。
     1>ClCompile:
         C:\Program Files (x86)\Microsoft Visual Studio 12.0\VC\bin\CL.exe /c /ZI /nologo /W3 /WX- /sdl /Od /Oy- /D _MBCS /D _MBCS /D _CRT_SECURE_NO_WARNINGS /Gm /EHsc /RTC1 /MDd /GS /Zc:wchar_t /Zc:forScope /Fo"Debug\\" /Fd"Debug\vc120.pdb" /Gd /TP /analyze- /errorReport:prompt "源.cpp"
         源.cpp
     1>e:\0workbench\10-20_10-30 cpp转子动力学\rotordynamics\rotordynamics\rotordyn.h(211): warning C4244: “参数”: 从“double”转换到“unsigned int”，可能丢失数据
     1>e:\0workbench\10-20_10-30 cpp转子动力学\rotordynamics\rotordynamics\rotordyn.h(222): warning C4244: “参数”: 从“double”转换到“unsigned int”，可能丢失数据
     1>e:\0workbench\10-20_10-30 cpp转子动力学\rotordynamics\rotordynamics\rotordyn.h(223): warning C4244: “参数”: 从“double”转换到“unsigned int”，可能丢失数据
     1>e:\0workbench\10-20_10-30 cpp转子动力学\rotordynamics\rotordynamics\rotordyn.h(228): warning C4244: “参数”: 从“double”转换到“TNT::Subscript”，可能丢失数据
     1>e:\0workbench\10-20_10-30 cpp转子动力学\rotordynamics\rotordynamics\rotordyn.h(258): warning C4244: “初始化”: 从“double”转换到“int”，可能丢失数据
     1>e:\0workbench\10-20_10-30 cpp转子动力学\rotordynamics\rotordynamics\rotordyn.h(259): warning C4244: “初始化”: 从“double”转换到“int”，可能丢失数据
     1>e:\0workbench\10-20_10-30 cpp转子动力学\rotordynamics\rotordynamics\rotordyn.h(260): warning C4244: “初始化”: 从“double”转换到“int”，可能丢失数据
     1>e:\0workbench\10-20_10-30 cpp转子动力学\rotordynamics\rotordynamics\rotordyn.h(286): warning C4244: “初始化”: 从“double”转换到“int”，可能丢失数据
     1>e:\0workbench\10-20_10-30 cpp转子动力学\rotordynamics\rotordynamics\rotordyn.h(287): warning C4244: “初始化”: 从“double”转换到“int”，可能丢失数据
     1>e:\0workbench\10-20_10-30 cpp转子动力学\rotordynamics\rotordynamics\rotordyn.h(288): warning C4244: “初始化”: 从“double”转换到“int”，可能丢失数据
     1>e:\0workbench\10-20_10-30 cpp转子动力学\rotordynamics\rotordynamics\rotordyn.h(289): warning C4244: “初始化”: 从“double”转换到“int”，可能丢失数据
     1>e:\0workbench\10-20_10-30 cpp转子动力学\rotordynamics\rotordynamics\rotordyn.h(378): warning C4244: “初始化”: 从“double”转换到“int”，可能丢失数据
     1>e:\0workbench\10-20_10-30 cpp转子动力学\rotordynamics\rotordynamics\rotordyn.h(387): warning C4244: “=”: 从“double”转换到“int”，可能丢失数据
     1>e:\0workbench\10-20_10-30 cpp转子动力学\rotordynamics\rotordynamics\tnt_cmat.h(259): warning C4018: “<”: 有符号/无符号不匹配
                 e:\0workbench\10-20_10-30 cpp转子动力学\rotordynamics\rotordynamics\tnt_cmat.h(258): 编译类 模板 成员函数“TNT::Matrix<double> &TNT::Matrix<double>::operator =(const std::vector<double,std::allocator<_Ty>> &)”时
                 with
                 [
                     _Ty=double
                 ]
                 e:\0workbench\10-20_10-30 cpp转子动力学\rotordynamics\rotordynamics\源.cpp(20): 参见对正在编译的函数 模板 实例化“TNT::Matrix<double> &TNT::Matrix<double>::operator =(const std::vector<double,std::allocator<_Ty>> &)”的引用
                 with
                 [
                     _Ty=double
                 ]
                 e:\0workbench\10-20_10-30 cpp转子动力学\rotordynamics\rotordynamics\rotordyn.h(30): 参见对正在编译的类 模板 实例化“TNT::Matrix<double>”的引用
       Link:
         C:\Program Files (x86)\Microsoft Visual Studio 12.0\VC\bin\link.exe /ERRORREPORT:PROMPT /OUT:"E:\0workbench\10-20_10-30 cpp转子动力学\rotorDynamics\Debug\rotorDynamics.exe" /INCREMENTAL /NOLOGO kernel32.lib user32.lib gdi32.lib winspool.lib comdlg32.lib advapi32.lib shell32.lib ole32.lib oleaut32.lib uuid.lib odbc32.lib odbccp32.lib /MANIFEST /MANIFESTUAC:"level='asInvoker' uiAccess='false'" /manifest:embed /DEBUG /PDB:"E:\0workbench\10-20_10-30 cpp转子动力学\rotorDynamics\Debug\rotorDynamics.pdb" /STACK:"100000000" /TLBID:1 /DYNAMICBASE /NXCOMPAT /IMPLIB:"E:\0workbench\10-20_10-30 cpp转子动力学\rotorDynamics\Debug\rotorDynamics.lib" /MACHINE:X86 "Debug\源.obj"
         rotorDynamics.vcxproj -> E:\0workbench\10-20_10-30 cpp转子动力学\rotorDynamics\Debug\rotorDynamics.exe
     1>已完成生成项目“E:\0workbench\10-20_10-30 cpp转子动力学\rotorDynamics\rotorDynamics\rotorDynamics.vcxproj”(Build 个目标)的操作。

生成成功。

已用时间 00:00:02.20
